[debug] [2023-03-22T16:49:17.619Z] ----------------------------------------------------------------------
[debug] [2023-03-22T16:49:17.621Z] Command:       C:\Program Files\nodejs\node.exe C:\Users\Nepram Singh\AppData\Roaming\npm\node_modules\firebase-tools\lib\bin\firebase.js init
[debug] [2023-03-22T16:49:17.621Z] CLI Version:   11.25.1
[debug] [2023-03-22T16:49:17.621Z] Platform:      win32
[debug] [2023-03-22T16:49:17.622Z] Node Version:  v18.14.2
[debug] [2023-03-22T16:49:17.623Z] Time:          Wed Mar 22 2023 22:19:17 GMT+0530 (India Standard Time)
[debug] [2023-03-22T16:49:17.623Z] ----------------------------------------------------------------------
[debug] 
[debug] [2023-03-22T16:49:17.702Z] > command requires scopes: ["email","openid","https://www.googleapis.com/auth/cloudplatformprojects.readonly","https://www.googleapis.com/auth/firebase","https://www.googleapis.com/auth/cloud-platform"]
[debug] [2023-03-22T16:49:17.703Z] > authorizing via signed-in user (khumanthoithoiba@gmail.com)
[info] 
     ######## #### ########  ######## ########     ###     ######  ########
     ##        ##  ##     ## ##       ##     ##  ##   ##  ##       ##
     ######    ##  ########  ######   ########  #########  ######  ######
     ##        ##  ##    ##  ##       ##     ## ##     ##       ## ##
     ##       #### ##     ## ######## ########  ##     ##  ######  ########

You're about to initialize a Firebase project in this directory:

  C:\Users\Nepram Singh\Twitter-Clone---React-Project---j9hcs64hd4yt

Before we get started, keep in mind:

  * You are initializing within an existing Firebase project directory

[info] 
=== Project Setup
[info] 
[info] First, let's associate this project directory with a Firebase project.
[info] You can create multiple project aliases by running firebase use --add, 
[info] but for now we'll just set up a default project.
[info] 
[debug] [2023-03-22T16:54:18.187Z] Using project from CLI flag: twitter-48a2e
[debug] [2023-03-22T16:54:18.189Z] >>> [apiv2][query] GET https://firebase.googleapis.com/v1beta1/projects/twitter-48a2e [none]
[debug] [2023-03-22T16:54:18.962Z] <<< [apiv2][status] GET https://firebase.googleapis.com/v1beta1/projects/twitter-48a2e 403
[debug] [2023-03-22T16:54:18.963Z] <<< [apiv2][body] GET https://firebase.googleapis.com/v1beta1/projects/twitter-48a2e {"error":{"code":403,"message":"The caller does not have permission","status":"PERMISSION_DENIED"}}
[debug] [2023-03-22T16:54:18.963Z] HTTP Error: 403, The caller does not have permission
[debug] [2023-03-22T16:54:19.333Z] FirebaseError: HTTP Error: 403, The caller does not have permission
    at responseToError (C:\Users\Nepram Singh\AppData\Roaming\npm\node_modules\firebase-tools\lib\responseToError.js:49:12)
    at RetryOperation._fn (C:\Users\Nepram Singh\AppData\Roaming\npm\node_modules\firebase-tools\lib\apiv2.js:288:77)
    at process.processTicksAndRejections (node:internal/process/task_queues:95:5)
[error] 
[error] Error: Failed to get Firebase project twitter-48a2e. Please make sure the project exists and your account has permission to access it.
[debug] [2023-03-22T16:56:23.128Z] ----------------------------------------------------------------------
[debug] [2023-03-22T16:56:23.129Z] Command:       C:\Program Files\nodejs\node.exe C:\Users\Nepram Singh\AppData\Roaming\npm\node_modules\firebase-tools\lib\bin\firebase.js deploy
[debug] [2023-03-22T16:56:23.130Z] CLI Version:   11.25.1
[debug] [2023-03-22T16:56:23.130Z] Platform:      win32
[debug] [2023-03-22T16:56:23.130Z] Node Version:  v18.14.2
[debug] [2023-03-22T16:56:23.131Z] Time:          Wed Mar 22 2023 22:26:23 GMT+0530 (India Standard Time)
[debug] [2023-03-22T16:56:23.131Z] ----------------------------------------------------------------------
[debug] 
[debug] [2023-03-22T16:56:23.193Z] > command requires scopes: ["email","openid","https://www.googleapis.com/auth/cloudplatformprojects.readonly","https://www.googleapis.com/auth/firebase","https://www.googleapis.com/auth/cloud-platform"]
[debug] [2023-03-22T16:56:23.194Z] > authorizing via signed-in user (khumanthoithoiba@gmail.com)
[debug] [2023-03-22T16:56:23.194Z] [iam] checking project twitter-48a2e for permissions ["firebase.projects.get","firebasehosting.sites.update"]
[debug] [2023-03-22T16:56:23.195Z] >>> [apiv2][query] POST https://cloudresourcemanager.googleapis.com/v1/projects/twitter-48a2e:testIamPermissions [none]
[debug] [2023-03-22T16:56:23.196Z] >>> [apiv2][(partial)header] POST https://cloudresourcemanager.googleapis.com/v1/projects/twitter-48a2e:testIamPermissions x-goog-quota-user=projects/twitter-48a2e
[debug] [2023-03-22T16:56:23.196Z] >>> [apiv2][body] POST https://cloudresourcemanager.googleapis.com/v1/projects/twitter-48a2e:testIamPermissions {"permissions":["firebase.projects.get","firebasehosting.sites.update"]}
[debug] [2023-03-22T16:56:25.186Z] <<< [apiv2][status] POST https://cloudresourcemanager.googleapis.com/v1/projects/twitter-48a2e:testIamPermissions 200
[debug] [2023-03-22T16:56:25.186Z] <<< [apiv2][body] POST https://cloudresourcemanager.googleapis.com/v1/projects/twitter-48a2e:testIamPermissions {}
[debug] [2023-03-22T16:56:25.187Z] [iam] error while checking permissions, command may fail: FirebaseError: Authorization failed. This account is missing the following required permissions on project twitter-48a2e:

  firebase.projects.get
  firebasehosting.sites.update
[debug] [2023-03-22T16:56:25.188Z] >>> [apiv2][query] GET https://firebase.googleapis.com/v1beta1/projects/twitter-48a2e [none]
[debug] [2023-03-22T16:56:26.045Z] <<< [apiv2][status] GET https://firebase.googleapis.com/v1beta1/projects/twitter-48a2e 403
[debug] [2023-03-22T16:56:26.045Z] <<< [apiv2][body] GET https://firebase.googleapis.com/v1beta1/projects/twitter-48a2e {"error":{"code":403,"message":"The caller does not have permission","status":"PERMISSION_DENIED"}}
[debug] [2023-03-22T16:56:26.046Z] HTTP Error: 403, The caller does not have permission
[debug] [2023-03-22T16:56:26.385Z] FirebaseError: HTTP Error: 403, The caller does not have permission
    at responseToError (C:\Users\Nepram Singh\AppData\Roaming\npm\node_modules\firebase-tools\lib\responseToError.js:49:12)
    at RetryOperation._fn (C:\Users\Nepram Singh\AppData\Roaming\npm\node_modules\firebase-tools\lib\apiv2.js:288:77)
    at process.processTicksAndRejections (node:internal/process/task_queues:95:5)
[error] 
[error] Error: Failed to get Firebase project twitter-48a2e. Please make sure the project exists and your account has permission to access it.
